Build started 11/19/2013 6:21:05 PM.
     1>Project "C:\Users\terry.griffin\Dropbox\courses\Public\DataStructuresFall13\MazeCode\MazeCode\MazeCode.vcxproj" on node 2 (build target(s)).
     1>InitializeBuildStatus:
         Creating "Debug\MazeCode.unsuccessfulbuild" because "AlwaysCreate" was specified.
       ClCompile:
         c:\Program Files (x86)\Microsoft Visual Studio 10.0\VC\bin\CL.exe /c /ZI /nologo /W3 /WX- /Od /Oy- /D _MBCS /Gm /EHsc /RTC1 /MDd /GS /fp:precise /Zc:wchar_t /Zc:forScope /Fo"Debug\\" /Fd"Debug\vc100.pdb" /Gd /TP /analyze- /errorReport:prompt main.cpp
         main.cpp
     1>c:\users\terry.griffin\dropbox\courses\public\datastructuresfall13\mazecode\mazecode\asciidraw.h(284): warning C4172: returning address of local variable or temporary
     1>c:\users\terry.griffin\dropbox\courses\public\datastructuresfall13\mazecode\mazecode\asciidraw.h(413): warning C4244: '=' : conversion from 'double' to 'int', possible loss of data
       Link:
         c:\Program Files (x86)\Microsoft Visual Studio 10.0\VC\bin\link.exe /ERRORREPORT:PROMPT /OUT:"C:\Users\terry.griffin\Dropbox\courses\Public\DataStructuresFall13\MazeCode\Debug\MazeCode.exe" /NOLOGO kernel32.lib user32.lib gdi32.lib winspool.lib comdlg32.lib advapi32.lib shell32.lib ole32.lib oleaut32.lib uuid.lib odbc32.lib odbccp32.lib /MANIFEST /ManifestFile:"Debug\MazeCode.exe.intermediate.manifest" /MANIFESTUAC:"level='asInvoker' uiAccess='false'" /DEBUG /PDB:"C:\Users\terry.griffin\Dropbox\courses\Public\DataStructuresFall13\MazeCode\Debug\MazeCode.pdb" /TLBID:1 /DYNAMICBASE /NXCOMPAT /IMPLIB:"C:\Users\terry.griffin\Dropbox\courses\Public\DataStructuresFall13\MazeCode\Debug\MazeCode.lib" /MACHINE:X86 Debug\AsciiDraw.obj
         Debug\main.obj
         Debug\MazeGenerator.obj
         Debug\MovesStack.obj
         LINK : C:\Users\terry.griffin\Dropbox\courses\Public\DataStructuresFall13\MazeCode\Debug\MazeCode.exe not found or not built by the last incremental link; performing full link
         MazeCode.vcxproj -> C:\Users\terry.griffin\Dropbox\courses\Public\DataStructuresFall13\MazeCode\Debug\MazeCode.exe
       Manifest:
         C:\Program Files (x86)\Microsoft SDKs\Windows\v7.0A\bin\mt.exe /nologo /verbose /outputresource:"C:\Users\terry.griffin\Dropbox\courses\Public\DataStructuresFall13\MazeCode\Debug\MazeCode.exe;#1" /manifest Debug\MazeCode.exe.intermediate.manifest
       FinalizeBuildStatus:
         Deleting file "Debug\MazeCode.unsuccessfulbuild".
         Touching "Debug\MazeCode.lastbuildstate".
     1>Done Building Project "C:\Users\terry.griffin\Dropbox\courses\Public\DataStructuresFall13\MazeCode\MazeCode\MazeCode.vcxproj" (build target(s)).

Build succeeded.

Time Elapsed 00:00:02.08
